TN:
SF:src/middleware.ts
FN:4,middleware
FNF:1
FNH:1
FNDA:4,middleware
DA:1,1
DA:4,4
DA:5,4
DA:6,4
DA:9,4
DA:21,2
DA:25,2
DA:26,0
DA:30,2
DA:31,2
DA:32,1
DA:36,1
DA:37,1
DA:38,1
DA:41,1
LF:15
LH:14
BRDA:9,0,0,2
BRDA:9,0,1,2
BRDA:10,1,0,4
BRDA:10,1,1,3
BRDA:10,1,2,2
BRDA:10,1,3,2
BRDA:10,1,4,2
BRDA:10,1,5,2
BRDA:10,1,6,2
BRDA:10,1,7,2
BRDA:25,2,0,0
BRDA:25,2,1,2
BRDA:25,3,0,2
BRDA:25,3,1,2
BRDA:31,4,0,1
BRDA:31,4,1,1
BRF:16
BRH:15
end_of_record
TN:
SF:src/app/layout.tsx
FN:10,RootLayout
FNF:1
FNH:0
FNDA:0,RootLayout
DA:1,0
DA:3,0
DA:5,0
DA:10,0
LF:4
LH:0
BRF:0
BRH:0
end_of_record
TN:
SF:src/app/page.tsx
FN:16,HomePage
FN:31,loadMeta
FN:36,saveMeta
FN:48,(anonymous_5)
FN:62,(anonymous_6)
FN:69,(anonymous_7)
FN:79,(anonymous_8)
FN:88,handleUnlock
FN:96,(anonymous_10)
FN:97,(anonymous_11)
FN:110,(anonymous_12)
FN:130,(anonymous_13)
FN:140,(anonymous_14)
FN:150,(anonymous_15)
FN:162,(anonymous_16)
FN:182,(anonymous_17)
FN:195,(anonymous_18)
FN:202,(anonymous_19)
FN:280,(anonymous_20)
FN:281,(anonymous_21)
FN:335,(anonymous_22)
FNF:21
FNH:15
FNDA:53,HomePage
FNDA:24,loadMeta
FNDA:9,saveMeta
FNDA:15,(anonymous_5)
FNDA:2,(anonymous_6)
FNDA:7,(anonymous_7)
FNDA:15,(anonymous_8)
FNDA:2,handleUnlock
FNDA:2,(anonymous_10)
FNDA:2,(anonymous_11)
FNDA:0,(anonymous_12)
FNDA:5,(anonymous_13)
FNDA:0,(anonymous_14)
FNDA:0,(anonymous_15)
FNDA:3,(anonymous_16)
FNDA:1,(anonymous_17)
FNDA:1,(anonymous_18)
FNDA:0,(anonymous_19)
FNDA:2,(anonymous_20)
FNDA:0,(anonymous_21)
FNDA:0,(anonymous_22)
DA:3,5
DA:4,5
DA:5,5
DA:16,16
DA:17,53
DA:18,53
DA:19,53
DA:20,53
DA:21,53
DA:24,53
DA:25,53
DA:26,53
DA:27,53
DA:28,53
DA:29,53
DA:32,24
DA:33,24
DA:34,0
DA:37,9
DA:38,9
DA:41,53
DA:42,53
DA:43,53
DA:46,53
DA:48,53
DA:49,15
DA:50,15
DA:51,15
DA:52,15
DA:53,15
DA:54,15
DA:55,15
DA:56,15
DA:57,15
DA:59,0
DA:62,53
DA:63,2
DA:64,2
DA:65,2
DA:66,2
DA:69,53
DA:70,7
DA:71,7
DA:72,7
DA:79,53
DA:80,15
DA:81,4
DA:89,2
DA:90,2
DA:96,2
DA:98,2
DA:99,1
DA:100,1
DA:103,1
DA:104,1
DA:105,1
DA:107,0
DA:110,0
DA:114,53
DA:130,5
DA:140,0
DA:150,0
DA:163,3
DA:164,3
DA:165,3
DA:166,0
DA:167,0
DA:169,3
DA:170,0
DA:171,0
DA:173,3
DA:174,3
DA:179,3
DA:180,3
DA:181,2
DA:182,2
DA:184,1
DA:185,1
DA:195,1
DA:202,0
DA:280,2
DA:282,0
DA:283,0
DA:284,0
DA:336,0
DA:337,0
DA:339,0
DA:340,0
LF:88
LH:70
BRDA:32,0,0,0
BRDA:32,0,1,24
BRDA:33,1,0,24
BRDA:33,1,1,7
BRDA:37,2,0,0
BRDA:37,2,1,9
BRDA:49,3,0,0
BRDA:49,3,1,15
BRDA:51,4,0,15
BRDA:51,4,1,0
BRDA:52,5,0,15
BRDA:52,5,1,15
BRDA:53,6,0,0
BRDA:53,6,1,15
BRDA:56,7,0,15
BRDA:56,7,1,15
BRDA:56,7,2,0
BRDA:72,8,0,7
BRDA:72,8,1,7
BRDA:80,9,0,4
BRDA:80,9,1,11
BRDA:80,10,0,15
BRDA:80,10,1,15
BRDA:98,11,0,1
BRDA:98,11,1,1
BRDA:99,12,0,1
BRDA:99,12,1,0
BRDA:103,13,0,1
BRDA:103,13,1,0
BRDA:114,14,0,49
BRDA:114,14,1,4
BRDA:119,15,0,49
BRDA:132,16,0,8
BRDA:132,16,1,7
BRDA:142,17,0,0
BRDA:142,17,1,15
BRDA:152,18,0,0
BRDA:152,18,1,15
BRDA:165,19,0,0
BRDA:165,19,1,3
BRDA:165,20,0,3
BRDA:165,20,1,0
BRDA:169,21,0,0
BRDA:169,21,1,3
BRDA:169,22,0,3
BRDA:169,22,1,0
BRDA:177,23,0,3
BRDA:177,23,1,3
BRDA:180,24,0,1
BRDA:180,24,1,2
BRDA:180,25,0,1
BRDA:180,25,1,0
BRDA:209,26,0,2
BRDA:209,26,1,13
BRDA:216,27,0,2
BRDA:216,27,1,13
BRDA:230,28,0,49
BRDA:230,28,1,34
BRDA:282,29,0,0
BRDA:282,29,1,0
BRDA:288,30,0,49
BRDA:315,31,0,0
BRDA:315,31,1,4
BRDA:333,32,0,4
BRF:64
BRH:46
end_of_record
TN:
SF:src/app/about/page.tsx
FN:12,AboutPage
FNF:1
FNH:1
FNDA:1,AboutPage
DA:2,1
DA:3,1
DA:4,1
DA:12,1
LF:4
LH:4
BRF:0
BRH:0
end_of_record
TN:
SF:src/app/api/admin/db/migrate/route.ts
FN:10,json
FN:18,POST
FNF:2
FNH:2
FNDA:3,json
FNDA:3,POST
DA:1,3
DA:2,3
DA:4,3
DA:5,3
DA:7,3
DA:8,3
DA:12,3
DA:13,3
DA:14,3
DA:15,3
DA:18,3
DA:19,3
DA:20,3
DA:21,1
DA:23,2
DA:25,1
DA:30,1
DA:112,1
DA:113,1
DA:114,1
DA:115,1
DA:117,0
DA:118,0
DA:119,0
DA:121,1
DA:122,1
LF:26
LH:23
BRDA:7,0,0,3
BRDA:7,0,1,0
BRDA:8,1,0,3
BRDA:8,1,1,1
BRDA:12,2,0,0
BRDA:12,2,1,3
BRDA:12,3,0,3
BRDA:12,3,1,0
BRDA:19,4,0,3
BRDA:19,4,1,0
BRDA:20,5,0,1
BRDA:20,5,1,2
BRDA:20,6,0,3
BRDA:20,6,1,3
BRDA:23,7,0,1
BRDA:23,7,1,1
BRF:16
BRH:12
end_of_record
TN:
SF:src/app/api/admin/db/reset/route.ts
FN:11,json
FN:19,POST
FNF:2
FNH:2
FNDA:3,json
FNDA:3,POST
DA:1,3
DA:2,3
DA:4,3
DA:5,3
DA:7,3
DA:8,3
DA:9,3
DA:13,3
DA:14,3
DA:15,3
DA:16,3
DA:19,3
DA:21,3
DA:22,3
DA:23,1
DA:27,2
DA:28,1
DA:31,1
DA:33,1
DA:38,1
DA:66,1
DA:67,1
DA:68,1
DA:69,1
DA:72,0
DA:73,0
DA:74,0
DA:76,1
DA:77,1
LF:29
LH:26
BRDA:7,0,0,3
BRDA:7,0,1,0
BRDA:9,1,0,3
BRDA:9,1,1,0
BRDA:13,2,0,0
BRDA:13,2,1,3
BRDA:13,3,0,3
BRDA:13,3,1,0
BRDA:21,4,0,3
BRDA:21,4,1,0
BRDA:22,5,0,1
BRDA:22,5,1,2
BRDA:22,6,0,3
BRDA:22,6,1,3
BRDA:27,7,0,1
BRDA:27,7,1,1
BRDA:27,8,0,2
BRDA:27,8,1,1
BRDA:31,9,0,0
BRDA:31,9,1,1
BRF:20
BRH:14
end_of_record
TN:
SF:src/app/api/lock/route.ts
FN:5,POST
FNF:1
FNH:0
FNDA:0,POST
DA:1,0
DA:3,0
DA:5,0
DA:6,0
DA:7,0
DA:9,0
DA:10,0
DA:11,0
DA:13,0
DA:14,0
LF:10
LH:0
BRF:0
BRH:0
end_of_record
TN:
SF:src/app/api/status/route.ts
FN:6,GET
FNF:1
FNH:0
FNDA:0,GET
DA:1,0
DA:3,0
DA:6,0
DA:7,0
DA:8,0
DA:9,0
DA:10,0
DA:12,0
DA:13,0
LF:9
LH:0
BRF:0
BRH:0
end_of_record
TN:
SF:src/app/api/subscribe/route.ts
FN:26,firstIP
FN:35,hashIP
FN:40,normalizeEmail
FN:48,isRoleValid
FN:53,json
FN:62,OPTIONS
FN:72,POST
FNF:7
FNH:7
FNDA:5,firstIP
FNDA:5,hashIP
FNDA:5,normalizeEmail
FNDA:5,isRoleValid
FNDA:5,json
FNDA:2,OPTIONS
FNDA:5,POST
DA:2,3
DA:3,3
DA:4,3
DA:7,3
DA:11,3
DA:12,3
DA:13,3
DA:16,3
DA:17,3
DA:18,3
DA:22,0
DA:28,5
DA:29,0
DA:30,0
DA:32,5
DA:36,5
DA:37,0
DA:41,5
DA:42,4
DA:44,4
DA:45,4
DA:50,5
DA:54,5
DA:55,5
DA:57,5
DA:58,5
DA:62,2
DA:63,2
DA:64,2
DA:65,2
DA:66,2
DA:67,2
DA:68,2
DA:72,5
DA:73,5
DA:74,5
DA:75,5
DA:76,5
DA:80,5
DA:81,5
DA:83,0
DA:86,5
DA:87,5
DA:88,5
DA:89,5
DA:92,5
DA:93,1
DA:95,4
DA:96,1
DA:98,3
DA:99,1
DA:106,2
DA:107,1
DA:114,1
DA:118,1
DA:130,1
DA:134,1
DA:136,0
DA:137,0
DA:139,0
DA:140,0
DA:143,1
DA:145,0
DA:146,0
LF:64
LH:53
BRDA:11,0,0,3
BRDA:11,0,1,0
BRDA:11,0,2,0
BRDA:12,1,0,3
BRDA:12,1,1,0
BRDA:13,2,0,3
BRDA:13,2,1,0
BRDA:17,3,0,3
BRDA:17,3,1,0
BRDA:17,4,0,3
BRDA:17,4,1,3
BRDA:28,5,0,0
BRDA:28,5,1,5
BRDA:30,6,0,0
BRDA:30,6,1,0
BRDA:32,7,0,5
BRDA:32,7,1,5
BRDA:32,8,0,5
BRDA:32,8,1,5
BRDA:36,9,0,5
BRDA:36,9,1,0
BRDA:36,10,0,5
BRDA:36,10,1,5
BRDA:41,11,0,1
BRDA:41,11,1,4
BRDA:45,12,0,3
BRDA:45,12,1,1
BRDA:50,13,0,5
BRDA:50,13,1,4
BRDA:50,13,2,4
BRDA:54,14,0,0
BRDA:54,14,1,5
BRDA:54,15,0,5
BRDA:54,15,1,0
BRDA:76,16,0,5
BRDA:76,16,1,5
BRDA:92,17,0,1
BRDA:92,17,1,4
BRDA:95,18,0,1
BRDA:95,18,1,3
BRDA:98,19,0,1
BRDA:98,19,1,2
BRDA:98,20,0,3
BRDA:98,20,1,3
BRDA:106,21,0,1
BRDA:106,21,1,1
BRDA:111,22,0,0
BRDA:111,22,1,1
BRDA:120,23,0,1
BRDA:120,23,1,0
BRDA:134,24,0,0
BRDA:134,24,1,1
BRDA:136,25,0,0
BRDA:136,25,1,0
BRF:54
BRH:38
end_of_record
TN:
SF:src/app/api/unlock/route.ts
FN:5,POST
FN:7,(anonymous_4)
FNF:2
FNH:1
FNDA:3,POST
FNDA:0,(anonymous_4)
DA:1,1
DA:3,1
DA:5,3
DA:6,3
DA:7,3
DA:8,3
DA:9,3
DA:11,3
DA:12,1
DA:14,2
DA:15,0
DA:17,2
DA:18,1
DA:20,1
DA:21,1
DA:22,1
DA:23,1
DA:24,1
DA:25,1
DA:27,1
DA:30,0
DA:31,0
LF:22
LH:19
BRDA:9,0,0,3
BRDA:9,0,1,1
BRDA:11,1,0,1
BRDA:11,1,1,2
BRDA:14,2,0,0
BRDA:14,2,1,2
BRDA:17,3,0,1
BRDA:17,3,1,1
BRDA:22,4,0,0
BRDA:22,4,1,1
BRF:10
BRH:8
end_of_record
TN:
SF:src/app/contact/page.tsx
FN:11,ContactPage
FN:17,handleSubmit
FN:52,(anonymous_3)
FN:63,(anonymous_4)
FN:73,(anonymous_5)
FNF:5
FNH:5
FNDA:5,ContactPage
FNDA:1,handleSubmit
FNDA:1,(anonymous_3)
FNDA:1,(anonymous_4)
FNDA:1,(anonymous_5)
DA:3,1
DA:11,1
DA:12,5
DA:13,5
DA:14,5
DA:15,5
DA:18,1
DA:22,1
DA:25,5
DA:52,1
DA:63,1
DA:73,1
LF:12
LH:12
BRDA:25,0,0,1
BRDA:25,0,1,4
BRF:2
BRH:2
end_of_record
TN:
SF:src/app/product/page.tsx
FN:13,ProductPage
FNF:1
FNH:1
FNDA:1,ProductPage
DA:2,1
DA:3,1
DA:4,1
DA:5,1
DA:13,1
LF:5
LH:5
BRF:0
BRH:0
end_of_record
TN:
SF:src/app/services/page.tsx
FN:6,ServicesPage
FNF:1
FNH:1
FNDA:1,ServicesPage
DA:2,1
DA:3,1
DA:4,1
DA:6,1
LF:4
LH:4
BRF:0
BRH:0
end_of_record
TN:
SF:src/components/FeatureCard.tsx
FN:1,FeatureCard
FNF:1
FNH:1
FNDA:29,FeatureCard
DA:1,29
LF:1
LH:1
BRDA:15,0,0,5
BRDA:15,0,1,24
BRDA:22,1,0,29
BRF:3
BRH:3
end_of_record
TN:
SF:src/components/Navbar.tsx
FN:6,Navbar
FN:10,(anonymous_3)
FN:14,(anonymous_4)
FN:15,(anonymous_5)
FN:23,(anonymous_6)
FN:26,(anonymous_7)
FN:57,(anonymous_8)
FN:64,(anonymous_9)
FN:77,(anonymous_10)
FN:85,(anonymous_11)
FN:91,(anonymous_12)
FNF:11
FNH:6
FNDA:2,Navbar
FNDA:2,(anonymous_3)
FNDA:2,(anonymous_4)
FNDA:2,(anonymous_5)
FNDA:0,(anonymous_6)
FNDA:2,(anonymous_7)
FNDA:8,(anonymous_8)
FNDA:0,(anonymous_9)
FNDA:0,(anonymous_10)
FNDA:0,(anonymous_11)
FNDA:0,(anonymous_12)
DA:2,2
DA:3,2
DA:4,2
DA:6,2
DA:7,2
DA:8,2
DA:10,2
DA:11,2
DA:13,2
DA:14,2
DA:16,2
DA:17,2
DA:18,0
DA:20,2
DA:24,0
DA:26,2
DA:35,2
DA:58,8
DA:59,8
DA:66,0
DA:67,0
DA:68,0
DA:77,0
DA:86,0
DA:87,0
DA:92,0
DA:93,0
DA:94,0
DA:95,0
LF:29
LH:17
BRDA:16,0,0,0
BRDA:16,0,1,2
BRDA:17,1,0,0
BRDA:17,1,1,2
BRDA:17,2,0,2
BRDA:17,2,1,2
BRDA:20,3,0,2
BRDA:20,3,1,2
BRDA:24,4,0,0
BRDA:24,4,1,0
BRDA:66,5,0,0
BRDA:66,5,1,0
BRDA:78,6,0,0
BRDA:82,7,0,2
BRDA:93,8,0,0
BRDA:93,8,1,0
BRF:16
BRH:7
end_of_record
TN:
SF:src/components/Section.tsx
FN:1,Section
FNF:1
FNH:1
FNDA:9,Section
DA:1,9
LF:1
LH:1
BRDA:15,0,0,9
BRF:1
BRH:1
end_of_record
