TN:
SF:src/middleware.ts
FN:4,middleware
FNF:1
FNH:1
FNDA:4,middleware
DA:1,1
DA:4,4
DA:5,4
DA:6,4
DA:9,4
DA:21,2
DA:25,2
DA:26,0
DA:30,2
DA:31,2
DA:32,1
DA:36,1
DA:37,1
DA:38,1
DA:41,1
LF:15
LH:14
BRDA:9,0,0,2
BRDA:9,0,1,2
BRDA:10,1,0,4
BRDA:10,1,1,3
BRDA:10,1,2,2
BRDA:10,1,3,2
BRDA:10,1,4,2
BRDA:10,1,5,2
BRDA:10,1,6,2
BRDA:10,1,7,2
BRDA:25,2,0,0
BRDA:25,2,1,2
BRDA:25,3,0,2
BRDA:25,3,1,2
BRDA:31,4,0,1
BRDA:31,4,1,1
BRF:16
BRH:15
end_of_record
TN:
SF:src/app/layout.tsx
FN:10,RootLayout
FNF:1
FNH:0
FNDA:0,RootLayout
DA:1,0
DA:3,0
DA:5,0
DA:10,0
LF:4
LH:0
BRF:0
BRH:0
end_of_record
TN:
SF:src/app/page.tsx
FN:18,HomePage
FN:33,loadMeta
FN:38,saveMeta
FN:50,(anonymous_5)
FN:64,(anonymous_6)
FN:71,(anonymous_7)
FN:77,(anonymous_8)
FN:84,(anonymous_9)
FN:92,(anonymous_10)
FN:95,bootstrap
FN:103,(anonymous_12)
FN:106,handleUnlock
FN:115,(anonymous_14)
FN:148,(anonymous_15)
FN:158,(anonymous_16)
FN:168,(anonymous_17)
FN:180,(anonymous_18)
FN:200,(anonymous_19)
FN:213,(anonymous_20)
FN:220,(anonymous_21)
FN:298,(anonymous_22)
FN:299,(anonymous_23)
FN:353,(anonymous_24)
FNF:23
FNH:15
FNDA:53,HomePage
FNDA:24,loadMeta
FNDA:9,saveMeta
FNDA:15,(anonymous_5)
FNDA:2,(anonymous_6)
FNDA:7,(anonymous_7)
FNDA:15,(anonymous_8)
FNDA:4,(anonymous_9)
FNDA:11,(anonymous_10)
FNDA:0,bootstrap
FNDA:0,(anonymous_12)
FNDA:2,handleUnlock
FNDA:0,(anonymous_14)
FNDA:5,(anonymous_15)
FNDA:0,(anonymous_16)
FNDA:0,(anonymous_17)
FNDA:3,(anonymous_18)
FNDA:1,(anonymous_19)
FNDA:1,(anonymous_20)
FNDA:0,(anonymous_21)
FNDA:2,(anonymous_22)
FNDA:0,(anonymous_23)
FNDA:0,(anonymous_24)
DA:3,5
DA:4,5
DA:5,5
DA:6,5
DA:7,5
DA:18,16
DA:19,53
DA:20,53
DA:21,53
DA:22,53
DA:23,53
DA:26,53
DA:27,53
DA:28,53
DA:29,53
DA:30,53
DA:31,53
DA:34,24
DA:35,24
DA:36,0
DA:39,9
DA:40,9
DA:43,53
DA:44,53
DA:45,53
DA:48,53
DA:50,53
DA:51,15
DA:52,15
DA:53,15
DA:54,15
DA:55,15
DA:56,15
DA:57,15
DA:58,15
DA:59,15
DA:61,0
DA:64,53
DA:65,2
DA:66,2
DA:67,2
DA:68,2
DA:71,53
DA:72,7
DA:73,7
DA:74,7
DA:77,53
DA:78,15
DA:80,15
DA:81,15
DA:82,4
DA:84,4
DA:91,11
DA:92,11
DA:98,0
DA:99,0
DA:102,0
DA:103,0
DA:107,2
DA:108,2
DA:109,2
DA:115,2
DA:116,2
DA:117,1
DA:119,1
DA:120,0
DA:122,1
DA:125,1
DA:127,0
DA:132,53
DA:148,5
DA:158,0
DA:168,0
DA:181,3
DA:182,3
DA:183,3
DA:184,0
DA:185,0
DA:187,3
DA:188,0
DA:189,0
DA:191,3
DA:192,3
DA:197,3
DA:198,3
DA:199,2
DA:200,2
DA:202,1
DA:203,1
DA:213,1
DA:220,0
DA:298,2
DA:300,0
DA:301,0
DA:302,0
DA:354,0
DA:355,0
DA:357,0
DA:358,0
LF:99
LH:77
BRDA:34,0,0,0
BRDA:34,0,1,24
BRDA:35,1,0,24
BRDA:35,1,1,7
BRDA:39,2,0,0
BRDA:39,2,1,9
BRDA:51,3,0,0
BRDA:51,3,1,15
BRDA:53,4,0,15
BRDA:53,4,1,0
BRDA:54,5,0,15
BRDA:54,5,1,15
BRDA:55,6,0,0
BRDA:55,6,1,15
BRDA:58,7,0,15
BRDA:58,7,1,15
BRDA:58,7,2,0
BRDA:74,8,0,7
BRDA:74,8,1,7
BRDA:81,9,0,4
BRDA:81,9,1,11
BRDA:81,10,0,15
BRDA:81,10,1,15
BRDA:91,11,0,11
BRDA:91,11,1,0
BRDA:98,12,0,0
BRDA:98,12,1,0
BRDA:116,13,0,1
BRDA:116,13,1,1
BRDA:116,14,0,2
BRDA:116,14,1,2
BRDA:119,15,0,0
BRDA:119,15,1,1
BRDA:125,16,0,1
BRDA:125,16,1,0
BRDA:132,17,0,49
BRDA:132,17,1,4
BRDA:137,18,0,49
BRDA:150,19,0,8
BRDA:150,19,1,7
BRDA:160,20,0,0
BRDA:160,20,1,15
BRDA:170,21,0,0
BRDA:170,21,1,15
BRDA:183,22,0,0
BRDA:183,22,1,3
BRDA:183,23,0,3
BRDA:183,23,1,0
BRDA:187,24,0,0
BRDA:187,24,1,3
BRDA:187,25,0,3
BRDA:187,25,1,0
BRDA:195,26,0,3
BRDA:195,26,1,3
BRDA:198,27,0,1
BRDA:198,27,1,2
BRDA:198,28,0,1
BRDA:198,28,1,0
BRDA:227,29,0,2
BRDA:227,29,1,13
BRDA:234,30,0,2
BRDA:234,30,1,13
BRDA:248,31,0,49
BRDA:248,31,1,34
BRDA:300,32,0,0
BRDA:300,32,1,0
BRDA:306,33,0,49
BRDA:333,34,0,0
BRDA:333,34,1,4
BRDA:351,35,0,4
BRF:70
BRH:49
end_of_record
TN:
SF:src/app/about/page.tsx
FN:12,AboutPage
FNF:1
FNH:1
FNDA:1,AboutPage
DA:2,1
DA:3,1
DA:4,1
DA:12,1
LF:4
LH:4
BRF:0
BRH:0
end_of_record
TN:
SF:src/app/api/admin/db/migrate/route.ts
FN:10,json
FN:18,POST
FNF:2
FNH:2
FNDA:3,json
FNDA:3,POST
DA:1,3
DA:2,3
DA:4,3
DA:5,3
DA:7,3
DA:8,3
DA:12,3
DA:13,3
DA:14,3
DA:15,3
DA:18,3
DA:19,3
DA:20,3
DA:21,1
DA:23,2
DA:25,1
DA:30,1
DA:112,1
DA:113,1
DA:114,1
DA:115,1
DA:117,0
DA:118,0
DA:119,0
DA:121,1
DA:122,1
LF:26
LH:23
BRDA:7,0,0,3
BRDA:7,0,1,0
BRDA:8,1,0,3
BRDA:8,1,1,1
BRDA:12,2,0,0
BRDA:12,2,1,3
BRDA:12,3,0,3
BRDA:12,3,1,0
BRDA:19,4,0,3
BRDA:19,4,1,0
BRDA:20,5,0,1
BRDA:20,5,1,2
BRDA:20,6,0,3
BRDA:20,6,1,3
BRDA:23,7,0,1
BRDA:23,7,1,1
BRF:16
BRH:12
end_of_record
TN:
SF:src/app/api/admin/db/reset/route.ts
FN:11,json
FN:19,POST
FNF:2
FNH:2
FNDA:3,json
FNDA:3,POST
DA:1,3
DA:2,3
DA:4,3
DA:5,3
DA:7,3
DA:8,3
DA:9,3
DA:13,3
DA:14,3
DA:15,3
DA:16,3
DA:19,3
DA:21,3
DA:22,3
DA:23,1
DA:27,2
DA:28,1
DA:31,1
DA:33,1
DA:38,1
DA:66,1
DA:67,1
DA:68,1
DA:69,1
DA:72,0
DA:73,0
DA:74,0
DA:76,1
DA:77,1
LF:29
LH:26
BRDA:7,0,0,3
BRDA:7,0,1,0
BRDA:9,1,0,3
BRDA:9,1,1,0
BRDA:13,2,0,0
BRDA:13,2,1,3
BRDA:13,3,0,3
BRDA:13,3,1,0
BRDA:21,4,0,3
BRDA:21,4,1,0
BRDA:22,5,0,1
BRDA:22,5,1,2
BRDA:22,6,0,3
BRDA:22,6,1,3
BRDA:27,7,0,1
BRDA:27,7,1,1
BRDA:27,8,0,2
BRDA:27,8,1,1
BRDA:31,9,0,0
BRDA:31,9,1,1
BRF:20
BRH:14
end_of_record
TN:
SF:src/app/api/lock/route.ts
FN:5,POST
FNF:1
FNH:0
FNDA:0,POST
DA:1,0
DA:3,0
DA:5,0
DA:6,0
DA:7,0
DA:9,0
DA:10,0
DA:11,0
DA:13,0
DA:14,0
LF:10
LH:0
BRF:0
BRH:0
end_of_record
TN:
SF:src/app/api/status/route.ts
FN:7,GET
FNF:1
FNH:0
FNDA:0,GET
DA:1,0
DA:2,0
DA:4,0
DA:7,0
DA:8,0
DA:9,0
DA:10,0
DA:11,0
DA:13,0
DA:14,0
LF:10
LH:0
BRF:0
BRH:0
end_of_record
TN:
SF:src/app/api/subscribe/route.ts
FN:26,firstIP
FN:35,hashIP
FN:40,normalizeEmail
FN:48,isRoleValid
FN:53,json
FN:62,OPTIONS
FN:72,POST
FNF:7
FNH:7
FNDA:5,firstIP
FNDA:5,hashIP
FNDA:5,normalizeEmail
FNDA:5,isRoleValid
FNDA:5,json
FNDA:2,OPTIONS
FNDA:5,POST
DA:2,3
DA:3,3
DA:4,3
DA:7,3
DA:11,3
DA:12,3
DA:13,3
DA:16,3
DA:17,3
DA:18,3
DA:22,0
DA:28,5
DA:29,0
DA:30,0
DA:32,5
DA:36,5
DA:37,0
DA:41,5
DA:42,4
DA:44,4
DA:45,4
DA:50,5
DA:54,5
DA:55,5
DA:57,5
DA:58,5
DA:62,2
DA:63,2
DA:64,2
DA:65,2
DA:66,2
DA:67,2
DA:68,2
DA:72,5
DA:73,5
DA:74,5
DA:75,5
DA:76,5
DA:80,5
DA:81,5
DA:83,0
DA:86,5
DA:87,5
DA:88,5
DA:89,5
DA:92,5
DA:93,1
DA:95,4
DA:96,1
DA:98,3
DA:99,1
DA:106,2
DA:107,1
DA:114,1
DA:118,1
DA:130,1
DA:134,1
DA:136,0
DA:137,0
DA:139,0
DA:140,0
DA:143,1
DA:145,0
DA:146,0
LF:64
LH:53
BRDA:11,0,0,3
BRDA:11,0,1,0
BRDA:11,0,2,0
BRDA:12,1,0,3
BRDA:12,1,1,0
BRDA:13,2,0,3
BRDA:13,2,1,0
BRDA:17,3,0,3
BRDA:17,3,1,0
BRDA:17,4,0,3
BRDA:17,4,1,3
BRDA:28,5,0,0
BRDA:28,5,1,5
BRDA:30,6,0,0
BRDA:30,6,1,0
BRDA:32,7,0,5
BRDA:32,7,1,5
BRDA:32,8,0,5
BRDA:32,8,1,5
BRDA:36,9,0,5
BRDA:36,9,1,0
BRDA:36,10,0,5
BRDA:36,10,1,5
BRDA:41,11,0,1
BRDA:41,11,1,4
BRDA:45,12,0,3
BRDA:45,12,1,1
BRDA:50,13,0,5
BRDA:50,13,1,4
BRDA:50,13,2,4
BRDA:54,14,0,0
BRDA:54,14,1,5
BRDA:54,15,0,5
BRDA:54,15,1,0
BRDA:76,16,0,5
BRDA:76,16,1,5
BRDA:92,17,0,1
BRDA:92,17,1,4
BRDA:95,18,0,1
BRDA:95,18,1,3
BRDA:98,19,0,1
BRDA:98,19,1,2
BRDA:98,20,0,3
BRDA:98,20,1,3
BRDA:106,21,0,1
BRDA:106,21,1,1
BRDA:111,22,0,0
BRDA:111,22,1,1
BRDA:120,23,0,1
BRDA:120,23,1,0
BRDA:134,24,0,0
BRDA:134,24,1,1
BRDA:136,25,0,0
BRDA:136,25,1,0
BRF:54
BRH:38
end_of_record
TN:
SF:src/app/api/unlock/route.ts
FN:5,POST
FN:7,(anonymous_4)
FNF:2
FNH:1
FNDA:3,POST
FNDA:0,(anonymous_4)
DA:1,1
DA:3,1
DA:5,3
DA:6,3
DA:7,3
DA:8,3
DA:9,3
DA:11,3
DA:12,1
DA:14,2
DA:15,0
DA:17,2
DA:18,1
DA:20,1
DA:21,1
DA:22,1
DA:23,1
DA:24,1
DA:25,1
DA:27,1
DA:30,0
DA:31,0
LF:22
LH:19
BRDA:9,0,0,3
BRDA:9,0,1,1
BRDA:11,1,0,1
BRDA:11,1,1,2
BRDA:14,2,0,0
BRDA:14,2,1,2
BRDA:17,3,0,1
BRDA:17,3,1,1
BRDA:22,4,0,0
BRDA:22,4,1,1
BRF:10
BRH:8
end_of_record
TN:
SF:src/app/contact/page.tsx
FN:11,ContactPage
FN:17,handleSubmit
FN:52,(anonymous_3)
FN:63,(anonymous_4)
FN:73,(anonymous_5)
FNF:5
FNH:5
FNDA:5,ContactPage
FNDA:1,handleSubmit
FNDA:1,(anonymous_3)
FNDA:1,(anonymous_4)
FNDA:1,(anonymous_5)
DA:3,1
DA:11,1
DA:12,5
DA:13,5
DA:14,5
DA:15,5
DA:18,1
DA:22,1
DA:25,5
DA:52,1
DA:63,1
DA:73,1
LF:12
LH:12
BRDA:25,0,0,1
BRDA:25,0,1,4
BRF:2
BRH:2
end_of_record
TN:
SF:src/app/product/page.tsx
FN:13,ProductPage
FNF:1
FNH:1
FNDA:1,ProductPage
DA:2,1
DA:3,1
DA:4,1
DA:5,1
DA:13,1
LF:5
LH:5
BRF:0
BRH:0
end_of_record
TN:
SF:src/app/services/page.tsx
FN:6,ServicesPage
FNF:1
FNH:1
FNDA:1,ServicesPage
DA:2,1
DA:3,1
DA:4,1
DA:6,1
LF:4
LH:4
BRF:0
BRH:0
end_of_record
TN:
SF:src/components/FeatureCard.tsx
FN:1,FeatureCard
FNF:1
FNH:1
FNDA:41,FeatureCard
DA:1,41
LF:1
LH:1
BRDA:15,0,0,5
BRDA:15,0,1,36
BRDA:22,1,0,41
BRF:3
BRH:3
end_of_record
TN:
SF:src/components/Navbar.tsx
FN:6,Navbar
FN:10,(anonymous_3)
FN:14,(anonymous_4)
FN:15,(anonymous_5)
FN:23,(anonymous_6)
FN:26,(anonymous_7)
FN:57,(anonymous_8)
FN:64,(anonymous_9)
FN:77,(anonymous_10)
FN:85,(anonymous_11)
FN:91,(anonymous_12)
FNF:11
FNH:6
FNDA:2,Navbar
FNDA:2,(anonymous_3)
FNDA:2,(anonymous_4)
FNDA:2,(anonymous_5)
FNDA:0,(anonymous_6)
FNDA:2,(anonymous_7)
FNDA:8,(anonymous_8)
FNDA:0,(anonymous_9)
FNDA:0,(anonymous_10)
FNDA:0,(anonymous_11)
FNDA:0,(anonymous_12)
DA:2,2
DA:3,2
DA:4,2
DA:6,2
DA:7,2
DA:8,2
DA:10,2
DA:11,2
DA:13,2
DA:14,2
DA:16,2
DA:17,2
DA:18,0
DA:20,2
DA:24,0
DA:26,2
DA:35,2
DA:58,8
DA:59,8
DA:66,0
DA:67,0
DA:68,0
DA:77,0
DA:86,0
DA:87,0
DA:92,0
DA:93,0
DA:94,0
DA:95,0
LF:29
LH:17
BRDA:16,0,0,0
BRDA:16,0,1,2
BRDA:17,1,0,0
BRDA:17,1,1,2
BRDA:17,2,0,2
BRDA:17,2,1,2
BRDA:20,3,0,2
BRDA:20,3,1,2
BRDA:24,4,0,0
BRDA:24,4,1,0
BRDA:66,5,0,0
BRDA:66,5,1,0
BRDA:78,6,0,0
BRDA:82,7,0,2
BRDA:93,8,0,0
BRDA:93,8,1,0
BRF:16
BRH:7
end_of_record
TN:
SF:src/components/Section.tsx
FN:1,Section
FNF:1
FNH:1
FNDA:12,Section
DA:1,12
LF:1
LH:1
BRDA:15,0,0,12
BRF:1
BRH:1
end_of_record
